<?xml version="1.0" encoding="UTF-8"?>
<!-- Generated by org.testng.reporters.JUnitReportReporter -->
<testsuite skipped="0" hostname="DESKTOP-7VP1M3O" name="com.qaclickacademy.TestCases.LoginPageTestCases" tests="1" failures="0" timestamp="27 Oct 2018 19:26:52 GMT" time="23.766" errors="0">
  <testcase name="loginPageVerification" time="23.766" classname="com.qaclickacademy.TestCases.LoginPageTestCases"/>
</testsuite> <!-- com.qaclickacademy.TestCases.LoginPageTestCases -->
